<?xml version="1.0" encoding="UTF-8"?>
<!-- Generated by org.testng.reporters.JUnitReportReporter -->
<testsuite hostname="Subrat-Laptop" failures="0" tests="2" name="subratpattanaik.ScreenAutoTest" time="13.261" errors="0" timestamp="2022-12-08T18:29:12 IST" skipped="0">
  <testcase classname="subratpattanaik.ScreenAutoTest" name="startServer" time="6.803"/>
  <system-out/>
  <testcase classname="subratpattanaik.ScreenAutoTest" name="wifiSettingTest" time="6.458"/>
  <system-out/>
</testsuite> <!-- subratpattanaik.ScreenAutoTest -->
