<?xml version="1.0" encoding="UTF-8"?>
<!-- Generated by org.testng.reporters.JUnitReportReporter -->
<testsuite hostname="Subrat-Laptop" failures="0" tests="1" name="subratpattanaik.AndroidDragDropGestures" time="9.013" errors="0" timestamp="2022-12-13T22:42:13 IST" skipped="0">
  <testcase classname="subratpattanaik.AndroidDragDropGestures" name="dragDropAction" time="9.013"/>
  <system-out/>
</testsuite> <!-- subratpattanaik.AndroidDragDropGestures -->
