<?xml version="1.0" encoding="UTF-8"?>
<!-- Generated by org.testng.reporters.JUnitReportReporter -->
<testsuite hostname="Subrat-Laptop" failures="0" tests="1" name="subratpattanaik.helloTest" time="0.008" errors="0" timestamp="2022-12-05T03:24:59 IST" skipped="0">
  <testcase classname="subratpattanaik.helloTest" name="testName" time="0.008"/>
  <system-out/>
</testsuite> <!-- subratpattanaik.helloTest -->
