<?xml version="1.0" encoding="UTF-8"?>
<!-- Generated by org.testng.reporters.JUnitReportReporter -->
<testsuite hostname="Subrat-Laptop" failures="0" tests="1" name="subratpattanaik.BasicAppiumTest" time="25.240" errors="0" timestamp="2022-12-06T20:18:24 IST" skipped="0">
  <testcase classname="subratpattanaik.BasicAppiumTest" name="openAppium" time="25.240"/>
  <system-out/>
</testsuite> <!-- subratpattanaik.BasicAppiumTest -->
