<?xml version="1.0" encoding="UTF-8"?>
<!-- Generated by org.testng.reporters.JUnitReportReporter -->
<testsuite hostname="Subrat-Laptop" failures="0" tests="1" name="subratpattanaik.AndroidGestures" time="12.806" errors="0" timestamp="2022-12-12T06:27:08 IST" skipped="0">
  <testcase classname="subratpattanaik.AndroidGestures" name="scroll" time="12.806"/>
  <system-out/>
</testsuite> <!-- subratpattanaik.AndroidGestures -->
