<?xml version="1.0" encoding="UTF-8"?>
<!-- Generated by org.testng.reporters.JUnitReportReporter -->
<testsuite hostname="Subrat-Laptop" failures="0" tests="1" name="subratpattanaik.AndroidSwipeGestures" time="10.535" errors="0" timestamp="2022-12-13T06:23:54 IST" skipped="0">
  <testcase classname="subratpattanaik.AndroidSwipeGestures" name="swipe" time="10.535"/>
  <system-out/>
</testsuite> <!-- subratpattanaik.AndroidSwipeGestures -->
